[LOG] System::create                           : Header version = 2.00.10. Current version = 2.00.10.
[LOG] Manager::init                            : maxchannels = 256 studioflags = 00000006 flags 00000000 extradriverdata 0000000000000000.
[LOG] SystemI::init                            : Initialize version=20010 (110198), maxchannels=256, flags=0x00020000
[LOG] SystemI::setOutputInternal               : Setting output to 'FMOD WASAPI Output'
[LOG] OutputWASAPI::init                       : Mix Format (WAVEFORMATEX): wFormatTag=0xFFFE, nChannels=2, nSamplesPerSec=48000, nAvgBytesPerSec=384000, nBlockAlign=8, wBitsPerSample=32, cbSize=22.
[LOG] OutputWASAPI::init                       : Mix Format (WAVEFORMATEXTENSIBLE): wValidBitsPerSample=32, dwChannelMask=0x00000003, SubFormat=00000003-0000-0010-8000-00AA00389B71.
[LOG] OutputWASAPI::init                       : Output buffer size: 4096 samples, latency: 0.00ms, period: 10.00ms, DSP buffer: 1024 * 4
[LOG] Thread::initThread                       : Init FMOD stream thread. Priority: 2, Stack Size: 98304, Semaphore: No, Sleep Time: 10, Looping: Yes.
[LOG] Thread::initThread                       : Init FMOD mixer thread. Priority: 3, Stack Size: 81920, Semaphore: No, Sleep Time: 0, Looping: Yes.
[LOG] AsyncManager::init                       : manager 000001C19148DA88 isAsync 0 updatePeriod 0.02
[LOG] AsyncManager::init                       : done
[LOG] PlaybackSystem::init                     : 
[LOG] Thread::initThread                       : Init FMOD Studio sample load thread. Priority: 0, Stack Size: 98304, Semaphore: No, Sleep Time: 1, Looping: No.
[LOG] PlaybackSystem::init                     : done
[LOG] Thread::initThread                       : Init FMOD Studio bank load thread. Priority: 0, Stack Size: 98304, Semaphore: No, Sleep Time: 1, Looping: No.
[LOG] Manager::init                            : done.
[LOG] Manager::readBank                        : fileversion = 125, compatVersion = 119 (oldest = 44, newest = 125)
[LOG] PlaybackSystem::acquireMasterBus         : Setting master channel group format to 6
[LOG] SystemI::createSoundInternal             : Create name='', mode=0x02000202
[LOG] SystemI::createSoundInternal             : exinfo->cbsize             = 224
[LOG] SystemI::createSoundInternal             : exinfo->length             = 8903232
[LOG] SystemI::createSoundInternal             : exinfo->fileoffset         = 9440
[LOG] SystemI::createSoundInternal             : exinfo->numsubsounds       = 1
[LOG] SystemI::createSoundInternal             : exinfo->inclusionlist      = 00000092937AF0CC
[LOG] SystemI::createSoundInternal             : exinfo->inclusionlistnum   = 1
[LOG] SystemI::createSoundInternal             : exinfo->suggestedsoundtype = 5
[LOG] SystemI::createSoundInternal             : exinfo->useropen           = 00007FFBB261C2D0
[LOG] SystemI::createSoundInternal             : exinfo->userclose          = 00007FFBB261C2A0
[LOG] SystemI::createSoundInternal             : exinfo->userread           = 00007FFBB261C3A0
[LOG] SystemI::createSoundInternal             : exinfo->userseek           = 00007FFBB261C460
[LOG] SystemI::createSoundInternal             : exinfo->fileuserdata       = 000001C0D217F258
[LOG] SystemI::createSoundInternal             : exinfo->initialseekpostype = 1
[LOG] SystemI::DSPCodecPoolRegister            : register codec pool for pool type 5
[LOG] SystemI::createSoundInternal             : Sample 0/1: name='Children03', format=2, channels=2, frequency=48000, lengthbytes=82176, lengthpcm=308453, pcmblocksize=0, loopstart=0, loopend=0, mode=0x00000000, channelmask=0x00000000, channelorder=0, peakvolume=0.367188.
[LOG] SystemI::createSoundInternal             : Create name='', mode=0x02000202
[LOG] SystemI::createSoundInternal             : exinfo->cbsize             = 224
[LOG] SystemI::createSoundInternal             : exinfo->length             = 8903232
[LOG] SystemI::createSoundInternal             : exinfo->fileoffset         = 9440
[LOG] SystemI::createSoundInternal             : exinfo->numsubsounds       = 1
[LOG] SystemI::createSoundInternal             : exinfo->inclusionlist      = 00000092937AF0CC
[LOG] SystemI::createSoundInternal             : exinfo->inclusionlistnum   = 1
[LOG] SystemI::createSoundInternal             : exinfo->suggestedsoundtype = 5
[LOG] SystemI::createSoundInternal             : exinfo->useropen           = 00007FFBB261C2D0
[LOG] SystemI::createSoundInternal             : exinfo->userclose          = 00007FFBB261C2A0
[LOG] SystemI::createSoundInternal             : exinfo->userread           = 00007FFBB261C3A0
[LOG] SystemI::createSoundInternal             : exinfo->userseek           = 00007FFBB261C460
[LOG] SystemI::createSoundInternal             : exinfo->fileuserdata       = 000001C0D217F258
[LOG] SystemI::createSoundInternal             : exinfo->initialseekpostype = 1
[LOG] SystemI::DSPCodecPoolRegister            : register codec pool for pool type 5
[LOG] SystemI::createSoundInternal             : Sample 0/1: name='Children01', format=2, channels=2, frequency=48000, lengthbytes=101728, lengthpcm=373655, pcmblocksize=0, loopstart=0, loopend=0, mode=0x00000000, channelmask=0x00000000, channelorder=0, peakvolume=0.496277.
[LOG] SystemI::createSound                     : filename = fmod/Build/Desktop/Master.bank : mode 02010082
[LOG] SystemI::createSound                     : FMOD_NONBLOCKING specified.  Putting into queue to be opened asynchronously!
[LOG] Thread::initThread                       : Init FMOD nonblocking thread (0). Priority: 1, Stack Size: 114688, Semaphore: Yes, Sleep Time: 0, Looping: Yes.
[LOG] SystemI::createSound                     : setdata soundi = 000001C2C949A368 : node = 000001C1B2171320
[LOG] SystemI::createSound                     : add node to async list : head = 000001C1C81B71C8.  list count = 0
[LOG] AsyncThread::threadFunc                  : Starting Asynchronous operation on sound 000001C2C949A368
[LOG] SystemI::createSoundInternal             :     Create name='fmod/Build/Desktop/Master.bank', mode=0x02010082
[LOG] SystemI::createSoundInternal             :     exinfo->cbsize             = 224
[LOG] SystemI::createSoundInternal             :     exinfo->length             = 8903232
[LOG] SystemI::createSoundInternal             :     exinfo->fileoffset         = 9440
[LOG] SystemI::createSoundInternal             :     exinfo->numsubsounds       = 1
[LOG] SystemI::createSoundInternal             :     exinfo->inclusionlist      = 000001C1B2171430
[LOG] SystemI::createSoundInternal             :     exinfo->inclusionlistnum   = 1
[LOG] SystemI::createSoundInternal             :     exinfo->suggestedsoundtype = 5
[LOG] SystemI::createSoundInternal             :     exinfo->initialseekpostype = 1
[LOG] SystemI::createSoundInternal             :     Stream 0/1: name='Sound Effects - Roomtones - Underground parking lot ambience.', format=2, channels=2, frequency=48000, lengthbytes=1288768, lengthpcm=4986671, pcmblocksize=0, loopstart=0, loopend=0, mode=0x00000000, channelmask=0x00000000, channelorder=0, peakvolume=0.160461.
[LOG] Thread::initThread                       :     Init FMOD file thread. Priority: 1, Stack Size: 49152, Semaphore: No, Sleep Time: 10, Looping: Yes.
[LOG] AsyncThread::threadFunc                  : Finished Asynchronous operation on sound 000001C2C949A368
[LOG] SoundI::getSubSound                      : sound 000001C2C949A368.  Subsound index 0 / 1
[LOG] AsyncThread::threadFunc                  : Starting Asynchronous operation on sound 000001C1C615F8B8
[LOG] AsyncThread::threadFunc                  : Finished Asynchronous operation on sound 000001C1C615F8B8
[LOG] SoundI::release                          :  (000001C10B38E1A8)
[LOG] SoundI::release                          :     Children01 (000001C10C7E6FC8)
[LOG] SoundI::release                          :  (000001C10B38E318)
[LOG] SoundI::release                          :     Children03 (000001C10C7E67A8)
[LOG] SoundI::release                          : Sound Effects - Roomtones - Underground parking lot ambience. (000001C2C949A368)
[LOG] SoundI::release                          :     Sound Effects - Roomtones - Underground parking lot ambience. (000001C183E58398)
[LOG] SoundI::release                          :     Sound Effects - Roomtones - Underground parking lot ambience. (000001C1C615F8B8)
[LOG] Thread::callback                         : FMOD Studio bank load thread finished.
[LOG] Thread::callback                         : FMOD Studio sample load thread finished.
[LOG] LiveUpdate::release                      : 
[LOG] LiveUpdate::reset                        : Reset connection (reason Disconnected)
[LOG] Thread::callback                         : FMOD stream thread finished.
[LOG] Thread::callback                         : FMOD mixer thread finished.
[LOG] Thread::callback                         : FMOD nonblocking thread (0) finished.
[LOG] Thread::callback                         : FMOD file thread finished.
[LOG] SystemI::close                           : Closed.
